{
  "name": "test_sub[float]",
  "status": "failed",
  "statusDetails": {
    "message": "AssertionError: assert 0.30000000000000004 == 0.3",
    "trace": "self = <testing.test_calc.TestCalc object at 0x7f834aa2b160>, get_calc = <pythoncode.calculator.Calculator object at 0x7f834a9ce310>, a = 1.3, b = 1, expect = 0.3\n\n    @pytest.mark.run(order=2)\n    @pytest.mark.parametrize('a,b,expect', get_datas()[2], ids=get_datas()[3])\n    def test_sub(self, get_calc,a, b, expect):\n        # calc=Calculator()\n        result = get_calc.sub(a, b)\n>       assert result == expect\nE       assert 0.30000000000000004 == 0.3\n\ntest_calc.py:32: AssertionError"
  },
  "parameters": [
    {
      "name": "a",
      "value": "1.3"
    },
    {
      "name": "b",
      "value": "1"
    },
    {
      "name": "expect",
      "value": "0.3"
    }
  ],
  "start": 1603260495038,
  "stop": 1603260495038,
  "uuid": "0963f4cc-1772-4afc-b2c6-a5d0e427b66b",
  "historyId": "9b2905cd63b41bf0fd22bef6bc6ed8b3",
  "testCaseId": "3b960671b7ce69bb509e37e84b3024bc",
  "fullName": "test_calc.TestCalc#test_sub",
  "labels": [
    {
      "name": "tag",
      "value": "run(order=2)"
    },
    {
      "name": "suite",
      "value": "test_calc"
    },
    {
      "name": "subSuite",
      "value": "TestCalc"
    },
    {
      "name": "host",
      "value": "gaoxuedeMacBook-Air.local"
    },
    {
      "name": "thread",
      "value": "16314-MainThread"
    },
    {
      "name": "framework",
      "value": "pytest"
    },
    {
      "name": "language",
      "value": "cpython3"
    },
    {
      "name": "package",
      "value": "test_calc"
    }
  ]
}